name:  Aruba (en)
url:  https://int.cartier.com/en/home/homepage.html?cc=AW
name:  Aruba (es)
url:  https://int.cartier.com/es-eu/home/homepage.html?cc=AW
name:  Bahamas (en)
url:  https://int.cartier.com/en/home/homepage.html?cc=BS
name:  Bahamas (es)
url:  https://int.cartier.com/es-eu/home/homepage.html?cc=BS
name:  Bolivia (en)
url:  https://int.cartier.com/en/home/homepage.html?cc=BO
name:  Bolivia (es)
url:  https://int.cartier.com/es-eu/home/homepage.html?cc=BO
name:  Brazil
url:  https://www.cartier.com.br/
name:  Canada (en)
url:  https://ca.cartier.com/
name:  Canada (fr)
url:  https://ca.cartier.com/fr-ca/
name:  Chile (en)
url:  https://int.cartier.com/en/home/homepage.html?cc=CL
name:  Chile (es)
url:  https://int.cartier.com/es-eu/home/homepage.html?cc=CL
name:  Colombia (en)
url:  https://int.cartier.com/en/home/homepage.html?cc=CO
name:  Colombia (es)
url:  https://int.cartier.com/es-eu/home/homepage.html?cc=CO
name:  Costa Rica (en)
url:  https://int.cartier.com/en/home/homepage.html?cc=CR
name:  Costa Rica (es)
url:  https://int.cartier.com/es-eu/home/homepage.html?cc=CR
name:  Dominican Republic (en)
url:  https://int.cartier.com/en/home/homepage.html?cc=DO
name:  Dominican Republic (es)
url:  https://int.cartier.com/es-eu/home/homepage.html?cc=DO
name:  Ecuador (en)
url:  https://int.cartier.com/en/home/homepage.html?cc=EC
name:  Ecuador (es)
url:  https://int.cartier.com/es-eu/home/homepage.html?cc=EC
name:  Guatemala (en)
url:  https://int.cartier.com/en/home/homepage.html?cc=GT
name:  Guatemala (es)
url:  https://int.cartier.com/es-eu/home/homepage.html?cc=GT
name:  Honduras (en)
url:  https://int.cartier.com/en/home/homepage.html?cc=HN
name:  Honduras (es)
url:  https://int.cartier.com/es-eu/home/homepage.html?cc=HN
name:  Jamaica (en)
url:  https://int.cartier.com/en/home/homepage.html?cc=JM
name:  Jamaica (es)
url:  https://int.cartier.com/es-eu/home/homepage.html?cc=JM
name:  Nicaragua (en)
url:  https://int.cartier.com/en/home/homepage.html?cc=NI
name:  Nicaragua (es)
url:  https://int.cartier.com/es-eu/home/homepage.html?cc=NI
name:  Mexico
url:  https://www.cartier.mx/es-mx/home/homepage.html
name:  Panama (en)
url:  https://int.cartier.com/en/home/homepage.html?cc=PA
name:  Panama (es)
url:  https://int.cartier.com/es-eu/home/homepage.html?cc=PA
name:  Paraguay (en)
url:  https://int.cartier.com/en/home/homepage.html?cc=PY
name:  Paraguay (es)
url:  https://int.cartier.com/es-eu/home/homepage.html?cc=PY
name:  Peru (en)
url:  https://int.cartier.com/en/home/homepage.html?cc=PE
name:  Peru (es)
url:  https://int.cartier.com/es-eu/home/homepage.html?cc=PE
name:  Puerto Rico (en)
url:  https://int.cartier.com/en/home/homepage.html?cc=PR
name:  Puerto Rico (es)
url:  https://int.cartier.com/es-eu/home/homepage.html?cc=PR
name:  Uruguay (en)
url:  https://int.cartier.com/en/home/homepage.html?cc=UY
name:  Uruguay (es)
url:  https://int.cartier.com/es-eu/home/homepage.html?cc=UY
name:  Venezuela (en)
url:  https://int.cartier.com/en/home/homepage.html?cc=VE
name:  Venezuela (es)
url:  https://int.cartier.com/es-eu/home/homepage.html?cc=VE
name:  China
url:  https://www.cartier.cn/zh-cn/home/homepage.html
name:  Hong Kong Sar, China (zh)
url:  https://www.cartier.hk/
name:  Hong Kong Sar, China (en)
url:  https://www.cartier.hk/en-hk/
name:  India
url:  https://www.cartier.com/en-in
name:  Japan
url:  https://www.cartier.jp/ja/home/homepage.html
name:  Malaysia
url:  https://www.cartier.com/en-my
name:  Singapore
url:  https://www.cartier.sg/
name:  新加坡
url:  https://www.cartier.sg/zh-sg/
name:  South Korea
url:  https://www.cartier.co.kr/ko/home/homepage.html
name:  Taiwan, China
url:  https://www.tw.cartier.com/zh-tw/home/homepage.html
name:  Thailand
url:  https://www.cartier.com/en-th
name:  Türkiye
url:  https://www.cartier.com/en-tr
name:  Albania
url:  https://int.cartier.com/en/home/homepage.html?cc=AL
name:  Austria (de)
url:  https://www.cartier.com/de-at
name:  Austria (en)
url:  https://www.cartier.com/en-at
name:  Belgium (fr)
url:  https://www.cartier.com/fr-be
name:  Belgium (en)
url:  https://www.cartier.com/en-be
name:  Bulgaria
url:  https://www.cartier.com/en-bg
name:  Croatia
url:  https://www.cartier.com/en-hr
name:  Czech Republic
url:  https://www.cartier.com/en-cz
name:  Denmark
url:  https://www.cartier.com/en-dk
name:  Estonia
url:  https://int.cartier.com/en/home/homepage.html?cc=EE
name:  Finland
url:  https://www.cartier.com/en-fi
name:  France (fr)
url:  https://www.cartier.com/fr-fr
name:  France (en)
url:  https://www.cartier.com/en-fr
name:  Germany (de)
url:  https://www.cartier.com/de-de
name:  Germany (en)
url:  https://www.cartier.com/en-de
name:  Greece
url:  https://www.cartier.com/en-gr
name:  Hungary
url:  https://www.cartier.com/en-hu
name:  Iceland
url:  https://int.cartier.com/en/home/homepage.html?cc=IS
name:  Italy (it)
url:  https://www.cartier.com/it-it
name:  Italy (en)
url:  https://www.cartier.com/en-it
name:  Ireland
url:  https://www.cartier.com/en-ie
name:  Latvia
url:  https://int.cartier.com/en/home/homepage.html?cc=LV
name:  Lithuania
url:  https://www.cartier.com/en-lt
name:  Luxembourg (fr)
url:  https://www.cartier.com/fr-lu
name:  Luxembourg (en)
url:  https://www.cartier.com/en-lu
name:  Malta
url:  https://www.cartier.com/en-mt
name:  Monaco (fr)
url:  https://www.cartier.com/fr-mc
name:  Monaco (en)
url:  https://www.cartier.com/en-mc
name:  Netherlands (en)
url:  https://www.cartier.com/en-nl
name:  Netherlands (nl)
url:  https://www.cartier.com/nl-nl
name:  Norway
url:  https://int.cartier.com/en/home/homepage.html?cc=NO
name:  Poland
url:  https://www.cartier.com/en-pl
name:  Portugal (en)
url:  https://www.cartier.com/en-pt
name:  Portugal (pt)
url:  https://www.cartier.com/pt-pt
name:  Romania
url:  https://www.cartier.com/en-ro
name:  Russia
url:  https://www.cartier.com/ru-ru
name:  Slovakia
url:  https://www.cartier.com/en-sk
name:  Slovenia
url:  https://int.cartier.com/en/home/homepage.html?cc=SI
name:  Spain (es)
url:  https://www.cartier.com/es-es
name:  Spain (en)
url:  https://www.cartier.com/en-es
name:  SUISSE
url:  https://www.cartier.com/fr-ch
name:  SCHWEIZ
url:  https://www.cartier.com/de-ch
name:  SVIZZERA
url:  https://www.cartier.com/it-ch
name:  SWITZERLAND
url:  https://www.cartier.com/en-ch/
name:  Sweden (en)
url:  https://www.cartier.com/en-se
name:  Sweden (sv)
url:  https://www.cartier.com/sv-se
name:  United Kingdom
url:  https://www.cartier.com/en-gb
name:  Cyprus
url:  https://int.cartier.com/en/home/homepage.html?cc=CY
name:  Israel
url:  https://int.cartier.com/en/home/homepage.html?cc=IL
name:  Saudi Arabia (ar)
url:  https://www.cartier.com/ar-sa
name:  Saudi Arabia (en)
url:  https://www.cartier.com/en-sa
name:  United Arab Emirates (ar)
url:  https://www.cartier.com/ar-ae
name:  United Arab Emirates (en)
url:  https://www.cartier.com/en-ae
name:  Australia
url:  https://www.au.cartier.com/en-au/home/homepage.html

unique brand : 0
[]

done......................
