https://whamond.com/en-row/pages/luxury-watch-brands
https://whamond.com/cdn/shop/files/louis-moinet_1x_0624a984-1d62-4d1a-996f-8a51db8f7046.png
https://whamond.com/cdn/shop/files/parmigiani_1x_5c8786d5-20ae-4a98-b10a-07c4952901d7.png
https://whamond.com/cdn/shop/files/bremont_1x_43661bdb-b524-4fa3-bad9-2939bd204e0e.png
https://whamond.com/cdn/shop/files/bell-ross_1x_2d2b9014-ed87-4b6e-9b2d-8cef86c062d9.png
https://whamond.com/cdn/shop/files/czapek_1x_cf1230f7-02c1-4546-bac0-158449a366be.png
https://whamond.com/cdn/shop/files/schwarz_etienne.png
https://whamond.com/cdn/shop/files/oris_1x_5e08feac-b31c-4b0a-b6b0-14bbfdfd2b45.png
https://whamond.com/cdn/shop/files/arnold-son_1x_9569fecd-ecc3-4679-972f-0563ad4ccd83.png
https://whamond.com/cdn/shop/files/rado_1x_736c5034-5ef5-4220-a582-613c75f8b49b.png
https://whamond.com/cdn/shop/files/alexander_shorokhoff.png
https://whamond.com/cdn/shop/files/alpina_1x_4797a4c3-9c69-410c-b30a-49cc8d62e2b8.png
https://whamond.com/cdn/shop/files/angelus.png
https://whamond.com/cdn/shop/files/anonimo_1x_3b9c06ef-5489-41aa-9986-b46c9e47963b.png
https://whamond.com/cdn/shop/files/ball-watch-company_1x_1f91764f-170c-4178-9da1-2e33321ba785.png
https://whamond.com/cdn/shop/files/baume_et_mercier_58f8d9dd-f187-49e0-85ce-2819b3051450.png
https://whamond.com/cdn/shop/files/brm_1a76c87a-9f72-457d-b91f-5e3ba9766037.png
https://whamond.com/cdn/shop/files/certina_1x_a372200c-8165-49e0-baa3-81a5e1ae159c.png
https://whamond.com/cdn/shop/files/corum_1x_f3b788dc-4022-4d7d-acb4-527c604450fd.png
https://whamond.com/cdn/shop/files/cuervo-y-sobrinos_1x_8e28828a-7ebc-4a7e-91eb-3a9fc75c6d1e.png
https://whamond.com/cdn/shop/files/cyrus_1x_bfcf8af9-c32a-4439-9f2c-936a769b8796.png
https://whamond.com/cdn/shop/files/damasko_1x_94bb895e-ca75-4ca7-b89a-e5f19af089bb.png
https://whamond.com/cdn/shop/files/doxa_1x_03d877bb-ce5e-4015-b194-46073c6b3f68.png
https://whamond.com/cdn/shop/files/ebel_1x_4e2f7c04-b454-4a9e-8687-5bab70b91663.png
https://whamond.com/cdn/shop/files/eberhard.png
https://whamond.com/cdn/shop/files/edox_1x_d2421333-1391-476b-ad6c-08152000a845.png
https://whamond.com/cdn/shop/files/faberge_1x_777279e0-ba6e-4ba4-9835-901da53e9b0e.png
https://whamond.com/cdn/shop/files/favre-leuba_1x_deb627e0-6352-434f-bc41-e0e1694e1ea0.png
https://whamond.com/cdn/shop/files/fope_1x_b419b74b-e2de-43b4-84fb-99a9baa25092.png
https://whamond.com/cdn/shop/files/fortis_1x_4724d738-8b7c-43d3-a32c-f96da2ef4f73.png
https://whamond.com/cdn/shop/files/frederique-constant_1x_b27bc431-0434-476d-8844-945424e4c617.png
https://whamond.com/cdn/shop/files/garmin_marq.png
https://whamond.com/cdn/shop/files/georg-jensen_5da05762-f2cc-44dd-bb59-c3eb64d8ba6a.png
https://whamond.com/cdn/shop/files/glycine_228f0aaf-3efa-4513-803a-56af09040866.png
https://whamond.com/cdn/shop/files/gorilla.png
https://whamond.com/cdn/shop/files/graham_1x_16ba0ab7-6c09-4e2b-a411-74a7b742127f.png
https://whamond.com/cdn/shop/files/hamilton_1x_d444d202-0a83-475f-9994-a2a95635c370.png
https://whamond.com/cdn/shop/files/junghans_1x_9493e586-80f5-49ce-a974-68f33722e51b.png
https://whamond.com/cdn/shop/files/louis-erard_1x_0d37dde7-f93a-489b-8497-4bd615e5e786.png
https://whamond.com/cdn/shop/files/maurice-lacroix_1x_dee866c9-52fe-4f83-968b-2359e6a8c21d.png
https://whamond.com/cdn/shop/files/meistersinger_2x_ea03dd50-080d-4cfa-8d2f-4a2d69d11d59.png
https://whamond.com/cdn/shop/files/movado_1x_1a5ab4aa-24ee-430f-9305-a8200a7442fd.png
https://whamond.com/cdn/shop/files/muhle-glashutte_1x_25ff7731-5a0f-43ff-9300-fd971f2e5c62.png
https://whamond.com/cdn/shop/files/nomos-glashutte_1x_af5dee91-1ea5-42d4-9408-6e13e6cea5b9.png
https://whamond.com/cdn/shop/files/reservoir_1x_6519f2f5-40c0-4725-8403-46c5a25d3084.png
https://whamond.com/cdn/shop/files/raymond-weil_1x_fc878634-ea9d-40dd-acce-119572dba6c3.png
https://whamond.com/cdn/shop/files/sinn_1x_8feb7734-363d-4c0a-a44e-f62a3feea528.png
https://whamond.com/cdn/shop/files/u-boat_1x_dcdebd6b-8613-4bbf-a822-26050b58cfdd.png
https://whamond.com/cdn/shop/files/alsta_1x_03de3c6e-ed08-4ba1-b39a-61f925952730.png
https://whamond.com/cdn/shop/files/aviator_1x_c764e6b5-ea96-4d26-ac86-c055982eb944.png
https://whamond.com/cdn/shop/files/boldr_2x_072422bf-aa59-471d-84bf-a1502f32d0d0.png
https://whamond.com/cdn/shop/files/ck_2x_cba14bda-e2a9-4973-8a0a-4cdf82d4595b.png
https://whamond.com/cdn/shop/files/casio_2x_67cd6383-b0d7-4f9f-8891-c93e75f65b8c.png
https://whamond.com/cdn/shop/files/citizen_44205993-d406-4bd9-9cd2-dfc638a7c8dd.jpg
https://whamond.com/cdn/shop/files/d1_milano.png
https://whamond.com/cdn/shop/files/daniel_wellington.png
https://whamond.com/cdn/shop/files/davosa_b0499d36-c147-4691-9086-abb47294a4ec.png
https://whamond.com/cdn/shop/files/electricianz_db766cd4-ca22-4c80-bf3d-0af7aaf76a7c.png
https://whamond.com/cdn/shop/files/elliot_brown.png
https://whamond.com/cdn/shop/files/emporio_armiani_ed258ca6-130d-4ff1-b3f4-abc169e1a8ec.png
https://whamond.com/cdn/shop/files/eterna_ea0900dc-81f0-45c4-96d4-b38871b86eac.png
https://whamond.com/cdn/shop/files/fossil_829df0ee-210e-4b35-ae2a-f59fbdd5e513.png
https://whamond.com/cdn/shop/files/garmin_1x_8f1c81ac-be7e-4792-a5e2-4c635b1fbc68.png
https://whamond.com/cdn/shop/files/g-shock_9e7f9ed4-33c0-4eb9-acca-d3dbd62b0bca.png
https://whamond.com/cdn/shop/files/ikepod.png
https://whamond.com/cdn/shop/files/iron_annie.png
https://whamond.com/cdn/shop/files/laco_1x_68d65cc2-d20c-4f15-8446-47c80b3fa52d.png
https://whamond.com/cdn/shop/files/kronaby_6e26c699-0f61-4a98-b4c4-6573362099db.png
https://whamond.com/cdn/shop/files/laco_1x_68d65cc2-d20c-4f15-8446-47c80b3fa52d.png
https://whamond.com/cdn/shop/files/mondaine_1x_500b966e-09ee-43d2-ac2c-108c04cd5f65.png
https://whamond.com/cdn/shop/files/nordgreen.png
https://whamond.com/cdn/shop/files/qlocktwo.png
https://whamond.com/cdn/shop/files/rotary_aa270190-4d35-4da2-b0b6-f989b4d1ed21.jpg
https://whamond.com/cdn/shop/files/seiko_1x_d057e7fe-356e-4b4d-bf9a-4c36905f0374.png
https://whamond.com/cdn/shop/files/spinnaker-logo_dba47113-8dfe-49f3-baeb-02c3925d034b.jpg
https://whamond.com/cdn/shop/files/squale.png
https://whamond.com/cdn/shop/files/suunto_073922a7-7480-428c-b4ea-fefeb90a709b.png
https://whamond.com/cdn/shop/files/swarovski_1f223c45-69e3-4a25-b871-ef9105269978.png
https://whamond.com/cdn/shop/files/thomas-sabo_1x_af839abf-fba0-4b24-ab08-b38b9bcdcb6d.png
https://whamond.com/cdn/shop/files/traser_d064d18a-b317-4957-aeac-371cc1ddd667.jpg
https://whamond.com/cdn/shop/files/tw-steel_1x_2e006c1e-0921-4e30-967d-35af5a1721d2.png
https://whamond.com/cdn/shop/files/victorinox_1x_977d8c39-76c9-4351-879a-65803bbf8318.png
https://whamond.com/cdn/shop/files/welder_76464268-a467-4629-afb6-f03576e4b000.png
https://whamond.com/cdn/shop/files/wenger_1x_4bee050d-1984-4a7b-8c7f-2130e2df1fc6.png
https://whamond.com/cdn/shop/files/zeppelin_4b8ea10b-4dcf-4177-8cc7-e6ac940a2d1c.png
https://whamond.com/cdn/shop/files/zodiac.png
https://whamond.com/cdn/shop/files/tag-heuer_1x_195545e9-798f-4856-855c-a6d750ae4b15.png

unique brand : 86
[
  {
    type: [ 'Premium Watch Brands' ],
    brand: 'LOUIS MOINET',
    url: [ 'https://whamond.com/en-row/collections/louis-moinet-watches' ],
    imgUrl: [
      'https://whamond.com/cdn/shop/files/louis-moinet_1x_0624a984-1d62-4d1a-996f-8a51db8f7046.png'
    ]
  },
  {
    type: [ 'Premium Watch Brands' ],
    brand: 'PARMIGIANI FLEURIER',
    url: [ 'https://whamond.com/en-row/collections/parmigiani-fleurier' ],
    imgUrl: [
      'https://whamond.com/cdn/shop/files/parmigiani_1x_5c8786d5-20ae-4a98-b10a-07c4952901d7.png'
    ]
  },
  {
    type: [ 'Premium Watch Brands' ],
    brand: 'BREMONT',
    url: [ 'https://whamond.com/en-row/collections/bremont' ],
    imgUrl: [
      'https://whamond.com/cdn/shop/files/bremont_1x_43661bdb-b524-4fa3-bad9-2939bd204e0e.png'
    ]
  },
  {
    type: [ 'Premium Watch Brands' ],
    brand: 'BELL ROSS',
    url: [ 'https://whamond.com/collections/bell-ross-watches' ],
    imgUrl: [
      'https://whamond.com/cdn/shop/files/bell-ross_1x_2d2b9014-ed87-4b6e-9b2d-8cef86c062d9.png'
    ]
  },
  {
    type: [ 'Premium Watch Brands' ],
    brand: 'CZAPEK',
    url: [ 'https://whamond.com/en-row/collections/czapek' ],
    imgUrl: [
      'https://whamond.com/cdn/shop/files/czapek_1x_cf1230f7-02c1-4546-bac0-158449a366be.png'
    ]
  },
  {
    type: [ 'Premium Watch Brands' ],
    brand: 'SCHWARZ ETIENNE',
    url: [ 'https://whamond.com/en-row/collections/schwarz-etienne' ],
    imgUrl: [ 'https://whamond.com/cdn/shop/files/schwarz_etienne.png' ]
  },
  {
    type: [ 'Premium Watch Brands' ],
    brand: 'ORIS',
    url: [ 'https://whamond.com/en-row/collections/oris' ],
    imgUrl: [
      'https://whamond.com/cdn/shop/files/oris_1x_5e08feac-b31c-4b0a-b6b0-14bbfdfd2b45.png'
    ]
  },
  {
    type: [ 'Premium Watch Brands' ],
    brand: 'ARNOLD SON',
    url: [ 'https://whamond.com/en-row/collections/arnold-son' ],
    imgUrl: [
      'https://whamond.com/cdn/shop/files/arnold-son_1x_9569fecd-ecc3-4679-972f-0563ad4ccd83.png'
    ]
  },
  {
    type: [ 'Premium Watch Brands' ],
    brand: 'RADO',
    url: [ 'https://whamond.com/en-row/collections/rado' ],
    imgUrl: [
      'https://whamond.com/cdn/shop/files/rado_1x_736c5034-5ef5-4220-a582-613c75f8b49b.png'
    ]
  },
  {
    type: [ 'Luxury Watch Brands' ],
    brand: 'ALEXANDER SHOROKHOFF',
    url: [ 'https://whamond.com/en-row/collections/alexander-shorokhoff' ],
    imgUrl: [ 'https://whamond.com/cdn/shop/files/alexander_shorokhoff.png' ]
  },
  {
    type: [ 'Luxury Watch Brands', 'Smart Watch Brands' ],
    brand: 'ALPINA',
    url: [
      'https://whamond.com/collections/alpina-watches',
      'https://whamond.com/collections/alpina-smart-watches'
    ],
    imgUrl: [
      'https://whamond.com/cdn/shop/files/alpina_1x_4797a4c3-9c69-410c-b30a-49cc8d62e2b8.png',
      'https://whamond.com/cdn/shop/files/alpina_1x_4d2f6a57-cf44-4280-a7fd-eecba4b1ed71.png'
    ]
  },
  {
    type: [ 'Luxury Watch Brands' ],
    brand: 'ANGELUS',
    url: [ 'https://whamond.com/en-row/collections/angelus-watches' ],
    imgUrl: [ 'https://whamond.com/cdn/shop/files/angelus.png' ]
  },
  {
    type: [ 'Luxury Watch Brands' ],
    brand: 'ANONIMO',
    url: [ 'https://whamond.com/collections/anonimo-watches' ],
    imgUrl: [
      'https://whamond.com/cdn/shop/files/anonimo_1x_3b9c06ef-5489-41aa-9986-b46c9e47963b.png'
    ]
  },
  {
    type: [ 'Luxury Watch Brands' ],
    brand: 'BALL WATCH COMPANY',
    url: [ 'https://whamond.com/collections/ball-watch-company-watches' ],
    imgUrl: [
      'https://whamond.com/cdn/shop/files/ball-watch-company_1x_1f91764f-170c-4178-9da1-2e33321ba785.png'
    ]
  },
  {
    type: [ 'Luxury Watch Brands' ],
    brand: 'BAUME ET MERCIER',
    url: [ 'https://whamond.com/collections/baume-et-mercier-watches' ],
    imgUrl: [
      'https://whamond.com/cdn/shop/files/baume_et_mercier_58f8d9dd-f187-49e0-85ce-2819b3051450.png'
    ]
  },
  {
    type: [ 'Luxury Watch Brands' ],
    brand: 'B R M',
    url: [ 'https://whamond.com/collections/b-r-m-watches' ],
    imgUrl: [
      'https://whamond.com/cdn/shop/files/brm_1a76c87a-9f72-457d-b91f-5e3ba9766037.png'
    ]
  },
  {
    type: [ 'Luxury Watch Brands' ],
    brand: 'CERTINA',
    url: [ 'https://whamond.com/collections/certina-watches' ],
    imgUrl: [
      'https://whamond.com/cdn/shop/files/certina_1x_a372200c-8165-49e0-baa3-81a5e1ae159c.png'
    ]
  },
  {
    type: [ 'Luxury Watch Brands' ],
    brand: 'CORUM',
    url: [ 'https://whamond.com/collections/corum-watches' ],
    imgUrl: [
      'https://whamond.com/cdn/shop/files/corum_1x_f3b788dc-4022-4d7d-acb4-527c604450fd.png'
    ]
  },
  {
    type: [ 'Luxury Watch Brands' ],
    brand: 'CUERVO Y SOBRINOS',
    url: [ 'https://whamond.com/collections/cuervo-y-sobrinos-watches' ],
    imgUrl: [
      'https://whamond.com/cdn/shop/files/cuervo-y-sobrinos_1x_8e28828a-7ebc-4a7e-91eb-3a9fc75c6d1e.png'
    ]
  },
  {
    type: [ 'Luxury Watch Brands' ],
    brand: 'CYRUS',
    url: [ 'https://whamond.com/pages/cyrus-watches' ],
    imgUrl: [
      'https://whamond.com/cdn/shop/files/cyrus_1x_bfcf8af9-c32a-4439-9f2c-936a769b8796.png'
    ]
  },
  {
    type: [ 'Luxury Watch Brands' ],
    brand: 'DAMASKO',
    url: [ 'https://whamond.com/pages/damasko-watches' ],
    imgUrl: [
      'https://whamond.com/cdn/shop/files/damasko_1x_94bb895e-ca75-4ca7-b89a-e5f19af089bb.png'
    ]
  },
  {
    type: [ 'Luxury Watch Brands' ],
    brand: 'DOXA',
    url: [ 'https://whamond.com/en-row/collections/doxa' ],
    imgUrl: [
      'https://whamond.com/cdn/shop/files/doxa_1x_03d877bb-ce5e-4015-b194-46073c6b3f68.png'
    ]
  },
  {
    type: [ 'Luxury Watch Brands' ],
    brand: 'EBEL',
    url: [ 'https://whamond.com/pages/ebel-watches' ],
    imgUrl: [
      'https://whamond.com/cdn/shop/files/ebel_1x_4e2f7c04-b454-4a9e-8687-5bab70b91663.png'
    ]
  },
  {
    type: [ 'Luxury Watch Brands' ],
    brand: 'EBERHARD CO',
    url: [ 'https://whamond.com/en-row/collections/eberhard-co' ],
    imgUrl: [ 'https://whamond.com/cdn/shop/files/eberhard.png' ]
  },
  {
    type: [ 'Luxury Watch Brands' ],
    brand: 'EDOX',
    url: [ 'https://whamond.com/en-row/collections/edox' ],
    imgUrl: [
      'https://whamond.com/cdn/shop/files/edox_1x_d2421333-1391-476b-ad6c-08152000a845.png'
    ]
  },
  {
    type: [ 'Luxury Watch Brands' ],
    brand: 'FABERGE',
    url: [ 'https://whamond.com/collections/faberge-watches' ],
    imgUrl: [
      'https://whamond.com/cdn/shop/files/faberge_1x_777279e0-ba6e-4ba4-9835-901da53e9b0e.png'
    ]
  },
  {
    type: [ 'Luxury Watch Brands' ],
    brand: 'FAVRE LEUBA',
    url: [ 'https://whamond.com/collections/favre-leuba-watches' ],
    imgUrl: [
      'https://whamond.com/cdn/shop/files/favre-leuba_1x_deb627e0-6352-434f-bc41-e0e1694e1ea0.png'
    ]
  },
  {
    type: [ 'Luxury Watch Brands' ],
    brand: 'FOPE',
    url: [ 'https://whamond.com/collections/fope-watches' ],
    imgUrl: [
      'https://whamond.com/cdn/shop/files/fope_1x_b419b74b-e2de-43b4-84fb-99a9baa25092.png'
    ]
  },
  {
    type: [ 'Luxury Watch Brands' ],
    brand: 'FORTIS',
    url: [ 'https://whamond.com/collections/fortis-watches' ],
    imgUrl: [
      'https://whamond.com/cdn/shop/files/fortis_1x_4724d738-8b7c-43d3-a32c-f96da2ef4f73.png'
    ]
  },
  {
    type: [ 'Luxury Watch Brands', 'Smart Watch Brands' ],
    brand: 'FREDERIQUE CONSTANT',
    url: [
      'https://whamond.com/collections/frederique-constant-watches',
      'https://whamond.com/collections/frederique-constant-smart-watches'
    ],
    imgUrl: [
      'https://whamond.com/cdn/shop/files/frederique-constant_1x_b27bc431-0434-476d-8844-945424e4c617.png',
      'https://whamond.com/cdn/shop/files/frederique-constant_1x_292a5006-f77a-443d-ab15-499a0aaf4999.png'
    ]
  },
  {
    type: [ 'Luxury Watch Brands' ],
    brand: 'GARMIN MARQ 2',
    url: [ 'https://whamond.com/en-row/collections/garmin-marq-2' ],
    imgUrl: [ 'https://whamond.com/cdn/shop/files/garmin_marq.png' ]
  },
  {
    type: [ 'Luxury Watch Brands' ],
    brand: 'GEORG JENSEN',
    url: [ 'https://whamond.com/collections/georg-jensen-watches' ],
    imgUrl: [
      'https://whamond.com/cdn/shop/files/georg-jensen_5da05762-f2cc-44dd-bb59-c3eb64d8ba6a.png'
    ]
  },
  {
    type: [ 'Luxury Watch Brands' ],
    brand: 'GLYCINE',
    url: [ 'https://whamond.com/collections/glycine-watches' ],
    imgUrl: [
      'https://whamond.com/cdn/shop/files/glycine_228f0aaf-3efa-4513-803a-56af09040866.png'
    ]
  },
  {
    type: [ 'Luxury Watch Brands' ],
    brand: 'GORILLA',
    url: [ 'https://whamond.com/en-row/collections/gorilla' ],
    imgUrl: [ 'https://whamond.com/cdn/shop/files/gorilla.png' ]
  },
  {
    type: [ 'Luxury Watch Brands' ],
    brand: 'GRAHAM',
    url: [ 'https://whamond.com/collections/graham-watches' ],
    imgUrl: [
      'https://whamond.com/cdn/shop/files/graham_1x_16ba0ab7-6c09-4e2b-a411-74a7b742127f.png'
    ]
  },
  {
    type: [ 'Luxury Watch Brands' ],
    brand: 'HAMILTON',
    url: [ 'https://whamond.com/collections/hamilton-watches' ],
    imgUrl: [
      'https://whamond.com/cdn/shop/files/hamilton_1x_d444d202-0a83-475f-9994-a2a95635c370.png'
    ]
  },
  {
    type: [ 'Luxury Watch Brands' ],
    brand: 'JUNGHANS',
    url: [ 'https://whamond.com/collections/junghans-watches' ],
    imgUrl: [
      'https://whamond.com/cdn/shop/files/junghans_1x_9493e586-80f5-49ce-a974-68f33722e51b.png'
    ]
  },
  {
    type: [ 'Luxury Watch Brands' ],
    brand: 'LOUIS ERARD',
    url: [ 'https://whamond.com/collections/louis-erard-watches' ],
    imgUrl: [
      'https://whamond.com/cdn/shop/files/louis-erard_1x_0d37dde7-f93a-489b-8497-4bd615e5e786.png'
    ]
  },
  {
    type: [ 'Luxury Watch Brands' ],
    brand: 'MAURICE LACROIX',
    url: [ 'https://whamond.com/en-row/collections/maurice-lacroix' ],
    imgUrl: [
      'https://whamond.com/cdn/shop/files/maurice-lacroix_1x_dee866c9-52fe-4f83-968b-2359e6a8c21d.png'
    ]
  },
  {
    type: [ 'Luxury Watch Brands' ],
    brand: 'MEISTERSINGER',
    url: [ 'https://whamond.com/en-row/collections/meistersinger' ],
    imgUrl: [
      'https://whamond.com/cdn/shop/files/meistersinger_2x_ea03dd50-080d-4cfa-8d2f-4a2d69d11d59.png'
    ]
  },
  {
    type: [ 'Luxury Watch Brands', 'Smart Watch Brands' ],
    brand: 'MOVADO',
    url: [
      'https://whamond.com/en-row/collections/movado',
      'https://whamond.com/collections/movado-watches'
    ],
    imgUrl: [
      'https://whamond.com/cdn/shop/files/movado_1x_1a5ab4aa-24ee-430f-9305-a8200a7442fd.png',
      'https://whamond.com/cdn/shop/files/movado_1x_3aab8294-602f-45b7-8289-fae0028ad9e4.png'
    ]
  },
  {
    type: [ 'Luxury Watch Brands' ],
    brand: 'MUHLE GLASHUTTE',
    url: [ 'https://whamond.com/en-row/collections/muhle-glashutte' ],
    imgUrl: [
      'https://whamond.com/cdn/shop/files/muhle-glashutte_1x_25ff7731-5a0f-43ff-9300-fd971f2e5c62.png'
    ]
  },
  {
    type: [ 'Luxury Watch Brands' ],
    brand: 'NOMOS GLASHUTTE',
    url: [ 'https://whamond.com/en-row/collections/nomos-glashutte' ],
    imgUrl: [
      'https://whamond.com/cdn/shop/files/nomos-glashutte_1x_af5dee91-1ea5-42d4-9408-6e13e6cea5b9.png'
    ]
  },
  {
    type: [ 'Luxury Watch Brands' ],
    brand: 'RESERVOIR',
    url: [ 'https://whamond.com/en-row/collections/reservoir' ],
    imgUrl: [
      'https://whamond.com/cdn/shop/files/reservoir_1x_6519f2f5-40c0-4725-8403-46c5a25d3084.png'
    ]
  },
  {
    type: [ 'Luxury Watch Brands' ],
    brand: 'RAYMOND WEIL',
    url: [ 'https://whamond.com/en-row/collections/raymond-weil' ],
    imgUrl: [
      'https://whamond.com/cdn/shop/files/raymond-weil_1x_fc878634-ea9d-40dd-acce-119572dba6c3.png'
    ]
  },
  {
    type: [ 'Luxury Watch Brands' ],
    brand: 'SINN',
    url: [ 'https://whamond.com/en-row/collections/sinn' ],
    imgUrl: [
      'https://whamond.com/cdn/shop/files/sinn_1x_8feb7734-363d-4c0a-a44e-f62a3feea528.png'
    ]
  },
  {
    type: [ 'Luxury Watch Brands' ],
    brand: 'U BOAT',
    url: [ 'https://whamond.com/en-row/collections/u-boat' ],
    imgUrl: [
      'https://whamond.com/cdn/shop/files/u-boat_1x_dcdebd6b-8613-4bbf-a822-26050b58cfdd.png'
    ]
  },
  {
    type: [ 'Designer Watch Brands' ],
    brand: 'ALSTA',
    url: [ 'https://whamond.com/en-row/collections/alsta-watches' ],
    imgUrl: [
      'https://whamond.com/cdn/shop/files/alsta_1x_03de3c6e-ed08-4ba1-b39a-61f925952730.png'
    ]
  },
  {
    type: [ 'Designer Watch Brands' ],
    brand: 'AVIATOR',
    url: [ 'https://whamond.com/collections/aviator-watches' ],
    imgUrl: [
      'https://whamond.com/cdn/shop/files/aviator_1x_c764e6b5-ea96-4d26-ac86-c055982eb944.png'
    ]
  },
  {
    type: [ 'Designer Watch Brands' ],
    brand: 'BOLDR',
    url: [ 'https://whamond.com/en-row/collections/boldr' ],
    imgUrl: [
      'https://whamond.com/cdn/shop/files/boldr_2x_072422bf-aa59-471d-84bf-a1502f32d0d0.png'
    ]
  },
  {
    type: [ 'Designer Watch Brands' ],
    brand: 'CALVIN KLEIN',
    url: [ 'https://whamond.com/en-row/collections/calvin-klein' ],
    imgUrl: [
      'https://whamond.com/cdn/shop/files/ck_2x_cba14bda-e2a9-4973-8a0a-4cdf82d4595b.png'
    ]
  },
  {
    type: [ 'Designer Watch Brands' ],
    brand: 'CASIO',
    url: [ 'https://whamond.com/en-row/collections/casio' ],
    imgUrl: [
      'https://whamond.com/cdn/shop/files/casio_2x_67cd6383-b0d7-4f9f-8891-c93e75f65b8c.png'
    ]
  },
  {
    type: [ 'Designer Watch Brands', 'Smart Watch Brands' ],
    brand: 'CITIZEN',
    url: [
      'https://whamond.com/collections/citizen-watches',
      'https://whamond.com/collections/citizen-smart-watches'
    ],
    imgUrl: [
      'https://whamond.com/cdn/shop/files/citizen_44205993-d406-4bd9-9cd2-dfc638a7c8dd.jpg',
      'https://whamond.com/cdn/shop/files/citizen_2x_b4c67170-9460-4672-9967-ddf28a9d8f35.png'
    ]
  },
  {
    type: [ 'Designer Watch Brands' ],
    brand: 'D1 MILANO',
    url: [ 'https://whamond.com/en-row/collections/d1-milano' ],
    imgUrl: [ 'https://whamond.com/cdn/shop/files/d1_milano.png' ]
  },
  {
    type: [ 'Designer Watch Brands' ],
    brand: 'DANIEL WELLINGTON',
    url: [ 'https://whamond.com/en-row/collections/daniel-wellington' ],
    imgUrl: [ 'https://whamond.com/cdn/shop/files/daniel_wellington.png' ]
  },
  {
    type: [ 'Designer Watch Brands' ],
    brand: 'DAVOSA',
    url: [ 'https://whamond.com/collections/davosa-watches' ],
    imgUrl: [
      'https://whamond.com/cdn/shop/files/davosa_b0499d36-c147-4691-9086-abb47294a4ec.png'
    ]
  },
  {
    type: [ 'Designer Watch Brands' ],
    brand: 'ELECTRICIANZ',
    url: [ 'https://whamond.com/collections/electricianz-watches' ],
    imgUrl: [
      'https://whamond.com/cdn/shop/files/electricianz_db766cd4-ca22-4c80-bf3d-0af7aaf76a7c.png'
    ]
  },
  {
    type: [ 'Designer Watch Brands' ],
    brand: 'ELLIOT BROWN',
    url: [ 'https://whamond.com/collections/elliot-brown-watches' ],
    imgUrl: [ 'https://whamond.com/cdn/shop/files/elliot_brown.png' ]
  },
  {
    type: [ 'Designer Watch Brands', 'Smart Watch Brands' ],
    brand: 'EMPORIO ARMANI',
    url: [
      'https://whamond.com/en-row/collections/emporio-armani',
      'https://whamond.com/collections/emporio-armani-smart-watches'
    ],
    imgUrl: [
      'https://whamond.com/cdn/shop/files/emporio_armiani_ed258ca6-130d-4ff1-b3f4-abc169e1a8ec.png',
      'https://whamond.com/cdn/shop/files/emporio_armiani.png'
    ]
  },
  {
    type: [ 'Designer Watch Brands' ],
    brand: 'ETERNA',
    url: [ 'https://whamond.com/en-row/collections/eterna' ],
    imgUrl: [
      'https://whamond.com/cdn/shop/files/eterna_ea0900dc-81f0-45c4-96d4-b38871b86eac.png'
    ]
  },
  {
    type: [ 'Designer Watch Brands', 'Smart Watch Brands' ],
    brand: 'FOSSIL',
    url: [
      'https://whamond.com/en-row/collections/fossil',
      'https://whamond.com/collections/fossil-watches'
    ],
    imgUrl: [
      'https://whamond.com/cdn/shop/files/fossil_829df0ee-210e-4b35-ae2a-f59fbdd5e513.png',
      'https://whamond.com/cdn/shop/files/fossil_7a0b2322-072d-4f14-a185-eaef9352b1fe.png'
    ]
  },
  {
    type: [ 'Designer Watch Brands', 'Smart Watch Brands' ],
    brand: 'GARMIN',
    url: [
      'https://whamond.com/collections/garmin-watches',
      'https://whamond.com/collections/garmin-smart-watches'
    ],
    imgUrl: [
      'https://whamond.com/cdn/shop/files/garmin_1x_8f1c81ac-be7e-4792-a5e2-4c635b1fbc68.png',
      'https://whamond.com/cdn/shop/files/garmin_1x_62c13617-59dd-40fa-92b4-0c338538badd.png'
    ]
  },
  {
    type: [ 'Designer Watch Brands' ],
    brand: 'G SHOCK',
    url: [ 'https://whamond.com/en-row/collections/g-shock' ],
    imgUrl: [
      'https://whamond.com/cdn/shop/files/g-shock_9e7f9ed4-33c0-4eb9-acca-d3dbd62b0bca.png'
    ]
  },
  {
    type: [ 'Designer Watch Brands' ],
    brand: 'IKEPOD',
    url: [ 'https://whamond.com/en-row/collections/ikepod' ],
    imgUrl: [ 'https://whamond.com/cdn/shop/files/ikepod.png' ]
  },
  {
    type: [ 'Designer Watch Brands' ],
    brand: 'IRON ANNIE',
    url: [ 'https://whamond.com/en-row/collections/iron-annie-watches' ],
    imgUrl: [ 'https://whamond.com/cdn/shop/files/iron_annie.png' ]
  },
  {
    type: [ 'Designer Watch Brands' ],
    brand: 'KLOKERS',
    url: [ 'https://whamond.com/collections/klokers-watches' ],
    imgUrl: [
      'https://whamond.com/cdn/shop/files/laco_1x_68d65cc2-d20c-4f15-8446-47c80b3fa52d.png'
    ]
  },
  {
    type: [ 'Designer Watch Brands', 'Smart Watch Brands' ],
    brand: 'KRONABY',
    url: [
      'https://whamond.com/collections/kronaby-watches',
      'https://whamond.com/collections/kronaby-smart-watches'
    ],
    imgUrl: [
      'https://whamond.com/cdn/shop/files/kronaby_6e26c699-0f61-4a98-b4c4-6573362099db.png',
      'https://whamond.com/cdn/shop/files/garmin_marq_9af7691b-014e-484b-8a6f-3a1b70f8849f.png'
    ]
  },
  {
    type: [ 'Designer Watch Brands' ],
    brand: 'LACO',
    url: [ 'https://whamond.com/collections/laco-watches' ],
    imgUrl: [
      'https://whamond.com/cdn/shop/files/laco_1x_68d65cc2-d20c-4f15-8446-47c80b3fa52d.png'
    ]
  },
  {
    type: [ 'Designer Watch Brands' ],
    brand: 'MONDAINE',
    url: [ 'https://whamond.com/collections/mondaine-watches' ],
    imgUrl: [
      'https://whamond.com/cdn/shop/files/mondaine_1x_500b966e-09ee-43d2-ac2c-108c04cd5f65.png'
    ]
  },
  {
    type: [ 'Designer Watch Brands' ],
    brand: 'NORDGREEN',
    url: [ 'https://whamond.com/en-row/collections/nordgreen' ],
    imgUrl: [ 'https://whamond.com/cdn/shop/files/nordgreen.png' ]
  },
  {
    type: [ 'Designer Watch Brands' ],
    brand: 'QLOCKTWO',
    url: [ 'https://whamond.com/collections/qlocktwo' ],
    imgUrl: [ 'https://whamond.com/cdn/shop/files/qlocktwo.png' ]
  },
  {
    type: [ 'Designer Watch Brands' ],
    brand: 'ROTARY',
    url: [ 'https://whamond.com/collections/rotary-watches' ],
    imgUrl: [
      'https://whamond.com/cdn/shop/files/rotary_aa270190-4d35-4da2-b0b6-f989b4d1ed21.jpg'
    ]
  },
  {
    type: [ 'Designer Watch Brands' ],
    brand: 'SEIKO',
    url: [ 'https://whamond.com/en-row/collections/seiko' ],
    imgUrl: [
      'https://whamond.com/cdn/shop/files/seiko_1x_d057e7fe-356e-4b4d-bf9a-4c36905f0374.png'
    ]
  },
  {
    type: [ 'Designer Watch Brands' ],
    brand: 'SPINNAKER',
    url: [ 'https://whamond.com/collections/spinnaker-watches' ],
    imgUrl: [
      'https://whamond.com/cdn/shop/files/spinnaker-logo_dba47113-8dfe-49f3-baeb-02c3925d034b.jpg'
    ]
  },
  {
    type: [ 'Designer Watch Brands' ],
    brand: 'SQUALE',
    url: [ 'https://whamond.com/en-row/collections/squale-watches' ],
    imgUrl: [ 'https://whamond.com/cdn/shop/files/squale.png' ]
  },
  {
    type: [ 'Designer Watch Brands', 'Smart Watch Brands' ],
    brand: 'SUUNTO',
    url: [
      'https://whamond.com/collections/suunto-watches',
      'https://whamond.com/collections/suunto-smart-watches'
    ],
    imgUrl: [
      'https://whamond.com/cdn/shop/files/suunto_073922a7-7480-428c-b4ea-fefeb90a709b.png',
      'https://whamond.com/cdn/shop/files/suunto_4bd36c37-36e0-40c1-9467-1469cd00cc01.png'
    ]
  },
  {
    type: [ 'Designer Watch Brands' ],
    brand: 'SWAROVSKI',
    url: [ 'https://whamond.com/en-row/collections/swarovski-watches' ],
    imgUrl: [
      'https://whamond.com/cdn/shop/files/swarovski_1f223c45-69e3-4a25-b871-ef9105269978.png'
    ]
  },
  {
    type: [ 'Designer Watch Brands' ],
    brand: 'THOMAS SABO',
    url: [ 'https://whamond.com/en-row/collections/thomas-sabo-watches' ],
    imgUrl: [
      'https://whamond.com/cdn/shop/files/thomas-sabo_1x_af839abf-fba0-4b24-ab08-b38b9bcdcb6d.png'
    ]
  },
  {
    type: [ 'Designer Watch Brands' ],
    brand: 'TRASER H3',
    url: [ 'https://whamond.com/collections/traser-h3-watches' ],
    imgUrl: [
      'https://whamond.com/cdn/shop/files/traser_d064d18a-b317-4957-aeac-371cc1ddd667.jpg'
    ]
  },
  {
    type: [ 'Designer Watch Brands' ],
    brand: 'TW STEEL',
    url: [ 'https://whamond.com/en-row/collections/tw-steel' ],
    imgUrl: [
      'https://whamond.com/cdn/shop/files/tw-steel_1x_2e006c1e-0921-4e30-967d-35af5a1721d2.png'
    ]
  },
  {
    type: [ 'Designer Watch Brands' ],
    brand: 'VICTORINOX SWISS ARMY',
    url: [ 'https://whamond.com/collections/victorinox-swiss-army-watches' ],
    imgUrl: [
      'https://whamond.com/cdn/shop/files/victorinox_1x_977d8c39-76c9-4351-879a-65803bbf8318.png'
    ]
  },
  {
    type: [ 'Designer Watch Brands' ],
    brand: 'WELDER',
    url: [ 'https://whamond.com/en-row/collections/welder' ],
    imgUrl: [
      'https://whamond.com/cdn/shop/files/welder_76464268-a467-4629-afb6-f03576e4b000.png'
    ]
  },
  {
    type: [ 'Designer Watch Brands' ],
    brand: 'WENGER',
    url: [ 'https://whamond.com/collections/wenger-watches' ],
    imgUrl: [
      'https://whamond.com/cdn/shop/files/wenger_1x_4bee050d-1984-4a7b-8c7f-2130e2df1fc6.png'
    ]
  },
  {
    type: [ 'Designer Watch Brands' ],
    brand: 'ZEPPELIN',
    url: [ 'https://whamond.com/collections/zeppelin-watches' ],
    imgUrl: [
      'https://whamond.com/cdn/shop/files/zeppelin_4b8ea10b-4dcf-4177-8cc7-e6ac940a2d1c.png'
    ]
  },
  {
    type: [ 'Designer Watch Brands' ],
    brand: 'ZODIAC',
    url: [ 'https://whamond.com/en-row/collections/zodiac' ],
    imgUrl: [ 'https://whamond.com/cdn/shop/files/zodiac.png' ]
  },
  {
    type: [ 'Smart Watch Brands' ],
    brand: 'TAG HEUER',
    url: [ 'https://whamond.com/collections/tag-heuer-smartwatches' ],
    imgUrl: [
      'https://whamond.com/cdn/shop/files/tag-heuer_1x_195545e9-798f-4856-855c-a6d750ae4b15.png'
    ]
  }
]

done......................
